{"C:\\Users\\tinu_\\Documents\\code\\pie_in_the_sky_game\\client\\src\\helpers\\pubSub.js": {"path":"C:\\Users\\tinu_\\Documents\\code\\pie_in_the_sky_game\\client\\src\\helpers\\pubSub.js","statementMap":{"0":{"start":{"line":7,"column":16},"end":{"line":9,"column":4}},"1":{"start":{"line":10,"column":2},"end":{"line":10,"column":32}},"2":{"start":{"line":19,"column":2},"end":{"line":19,"column":78}}},"fnMap":{"0":{"name":"publish","decl":{"start":{"line":6,"column":16},"end":{"line":6,"column":23}},"loc":{"start":{"line":6,"column":42},"end":{"line":11,"column":1}},"line":6},"1":{"name":"subscribe","decl":{"start":{"line":18,"column":16},"end":{"line":18,"column":25}},"loc":{"start":{"line":18,"column":45},"end":{"line":20,"column":1}},"line":18}},"branchMap":{},"s":{"0":0,"1":0,"2":0},"f":{"0":0,"1":0},"b":{},"_coverageSchema":"1a1c01bbd47fc00a2c39e90264f33305004495a9","hash":"daa586499cf5ebfa4d8833382292f22d6a0267c9"}
,"C:\\Users\\tinu_\\Documents\\code\\pie_in_the_sky_game\\client\\src\\helpers\\request.js": {"path":"C:\\Users\\tinu_\\Documents\\code\\pie_in_the_sky_game\\client\\src\\helpers\\request.js","statementMap":{"0":{"start":{"line":6,"column":19},"end":{"line":6,"column":35}},"1":{"start":{"line":7,"column":2},"end":{"line":7,"column":25}},"2":{"start":{"line":15,"column":19},"end":{"line":19,"column":4}},"3":{"start":{"line":20,"column":2},"end":{"line":20,"column":25}},"4":{"start":{"line":30,"column":19},"end":{"line":34,"column":4}},"5":{"start":{"line":35,"column":2},"end":{"line":35,"column":25}},"6":{"start":{"line":44,"column":19},"end":{"line":46,"column":4}},"7":{"start":{"line":47,"column":2},"end":{"line":47,"column":25}}},"fnMap":{"0":{"name":"get","decl":{"start":{"line":5,"column":22},"end":{"line":5,"column":25}},"loc":{"start":{"line":5,"column":31},"end":{"line":8,"column":1}},"line":5},"1":{"name":"post","decl":{"start":{"line":14,"column":22},"end":{"line":14,"column":26}},"loc":{"start":{"line":14,"column":41},"end":{"line":21,"column":1}},"line":14},"2":{"name":"put","decl":{"start":{"line":29,"column":22},"end":{"line":29,"column":25}},"loc":{"start":{"line":29,"column":44},"end":{"line":36,"column":1}},"line":29},"3":{"name":"del","decl":{"start":{"line":43,"column":22},"end":{"line":43,"column":25}},"loc":{"start":{"line":43,"column":35},"end":{"line":48,"column":1}},"line":43}},"branchMap":{},"s":{"0":0,"1":0,"2":0,"3":0,"4":0,"5":0,"6":0,"7":0},"f":{"0":0,"1":0,"2":0,"3":0},"b":{},"_coverageSchema":"1a1c01bbd47fc00a2c39e90264f33305004495a9","hash":"6f541e836fb4b8c0aca50fe28a7e16d10d000864"}
,"C:\\Users\\tinu_\\Documents\\code\\pie_in_the_sky_game\\client\\src\\models\\highscore.js": {"path":"C:\\Users\\tinu_\\Documents\\code\\pie_in_the_sky_game\\client\\src\\models\\highscore.js","statementMap":{"0":{"start":{"line":12,"column":4},"end":{"line":12,"column":64}},"1":{"start":{"line":12,"column":14},"end":{"line":12,"column":64}},"2":{"start":{"line":13,"column":4},"end":{"line":13,"column":19}},"3":{"start":{"line":15,"column":4},"end":{"line":15,"column":29}},"4":{"start":{"line":22,"column":4},"end":{"line":27,"column":9}},"5":{"start":{"line":23,"column":25},"end":{"line":23,"column":46}},"6":{"start":{"line":25,"column":8},"end":{"line":25,"column":25}},"7":{"start":{"line":26,"column":8},"end":{"line":26,"column":68}},"8":{"start":{"line":28,"column":4},"end":{"line":28,"column":26}},"9":{"start":{"line":32,"column":4},"end":{"line":39,"column":7}},"10":{"start":{"line":33,"column":21},"end":{"line":33,"column":52}},"11":{"start":{"line":34,"column":6},"end":{"line":38,"column":7}},"12":{"start":{"line":34,"column":46},"end":{"line":34,"column":67}},"13":{"start":{"line":35,"column":8},"end":{"line":35,"column":34}},"14":{"start":{"line":37,"column":8},"end":{"line":37,"column":32}},"15":{"start":{"line":43,"column":4},"end":{"line":43,"column":26}},"16":{"start":{"line":44,"column":4},"end":{"line":44,"column":21}},"17":{"start":{"line":48,"column":4},"end":{"line":48,"column":46}},"18":{"start":{"line":49,"column":4},"end":{"line":49,"column":56}},"19":{"start":{"line":56,"column":18},"end":{"line":59,"column":5}},"20":{"start":{"line":60,"column":4},"end":{"line":66,"column":5}},"21":{"start":{"line":61,"column":6},"end":{"line":61,"column":34}},"22":{"start":{"line":62,"column":6},"end":{"line":62,"column":28}},"23":{"start":{"line":65,"column":6},"end":{"line":65,"column":25}}},"fnMap":{"0":{"name":"(anonymous_0)","decl":{"start":{"line":11,"column":2},"end":{"line":11,"column":3}},"loc":{"start":{"line":11,"column":19},"end":{"line":16,"column":3}},"line":11},"1":{"name":"(anonymous_1)","decl":{"start":{"line":21,"column":2},"end":{"line":21,"column":3}},"loc":{"start":{"line":21,"column":29},"end":{"line":29,"column":3}},"line":21},"2":{"name":"(anonymous_2)","decl":{"start":{"line":23,"column":14},"end":{"line":23,"column":15}},"loc":{"start":{"line":23,"column":25},"end":{"line":23,"column":46}},"line":23},"3":{"name":"(anonymous_3)","decl":{"start":{"line":24,"column":15},"end":{"line":24,"column":16}},"loc":{"start":{"line":24,"column":33},"end":{"line":27,"column":7}},"line":24},"4":{"name":"(anonymous_4)","decl":{"start":{"line":31,"column":2},"end":{"line":31,"column":3}},"loc":{"start":{"line":31,"column":14},"end":{"line":40,"column":3}},"line":31},"5":{"name":"(anonymous_5)","decl":{"start":{"line":32,"column":31},"end":{"line":32,"column":32}},"loc":{"start":{"line":32,"column":42},"end":{"line":39,"column":5}},"line":32},"6":{"name":"(anonymous_6)","decl":{"start":{"line":34,"column":35},"end":{"line":34,"column":36}},"loc":{"start":{"line":34,"column":46},"end":{"line":34,"column":67}},"line":34},"7":{"name":"(anonymous_7)","decl":{"start":{"line":42,"column":2},"end":{"line":42,"column":3}},"loc":{"start":{"line":42,"column":21},"end":{"line":45,"column":3}},"line":42},"8":{"name":"(anonymous_8)","decl":{"start":{"line":47,"column":2},"end":{"line":47,"column":3}},"loc":{"start":{"line":47,"column":19},"end":{"line":50,"column":3}},"line":47},"9":{"name":"(anonymous_9)","decl":{"start":{"line":55,"column":2},"end":{"line":55,"column":3}},"loc":{"start":{"line":55,"column":27},"end":{"line":67,"column":3}},"line":55}},"branchMap":{"0":{"loc":{"start":{"line":12,"column":4},"end":{"line":12,"column":64}},"type":"if","locations":[{"start":{"line":12,"column":4},"end":{"line":12,"column":64}},{"start":{},"end":{}}],"line":12},"1":{"loc":{"start":{"line":34,"column":6},"end":{"line":38,"column":7}},"type":"if","locations":[{"start":{"line":34,"column":6},"end":{"line":38,"column":7}},{"start":{"line":36,"column":13},"end":{"line":38,"column":7}}],"line":34}},"s":{"0":0,"1":0,"2":0,"3":0,"4":0,"5":0,"6":0,"7":0,"8":0,"9":0,"10":0,"11":0,"12":0,"13":0,"14":0,"15":0,"16":0,"17":0,"18":0,"19":0,"20":0,"21":0,"22":0,"23":0},"f":{"0":0,"1":0,"2":0,"3":0,"4":0,"5":0,"6":0,"7":0,"8":0,"9":0},"b":{"0":[0,0],"1":[0,0]},"_coverageSchema":"1a1c01bbd47fc00a2c39e90264f33305004495a9","hash":"1a24f593143512819ca377c278054f3ebfc73398"}
}
