TN:
SF:client\src\helpers\pubSub.js
FN:6,publish
FN:18,subscribe
FNF:2
FNH:0
FNDA:0,publish
FNDA:0,subscribe
DA:7,0
DA:10,0
DA:19,0
LF:3
LH:0
BRF:0
BRH:0
end_of_record
TN:
SF:client\src\helpers\request.js
FN:5,get
FN:14,post
FN:29,put
FN:43,del
FNF:4
FNH:0
FNDA:0,get
FNDA:0,post
FNDA:0,put
FNDA:0,del
DA:6,0
DA:7,0
DA:15,0
DA:20,0
DA:30,0
DA:35,0
DA:44,0
DA:47,0
LF:8
LH:0
BRF:0
BRH:0
end_of_record
TN:
SF:client\src\models\highscore.js
FN:11,(anonymous_0)
FN:21,(anonymous_1)
FN:23,(anonymous_2)
FN:24,(anonymous_3)
FN:31,(anonymous_4)
FN:32,(anonymous_5)
FN:34,(anonymous_6)
FN:42,(anonymous_7)
FN:47,(anonymous_8)
FN:55,(anonymous_9)
FNF:10
FNH:0
FNDA:0,(anonymous_0)
FNDA:0,(anonymous_1)
FNDA:0,(anonymous_2)
FNDA:0,(anonymous_3)
FNDA:0,(anonymous_4)
FNDA:0,(anonymous_5)
FNDA:0,(anonymous_6)
FNDA:0,(anonymous_7)
FNDA:0,(anonymous_8)
FNDA:0,(anonymous_9)
DA:12,0
DA:13,0
DA:15,0
DA:22,0
DA:23,0
DA:25,0
DA:26,0
DA:28,0
DA:32,0
DA:33,0
DA:34,0
DA:35,0
DA:37,0
DA:43,0
DA:44,0
DA:48,0
DA:49,0
DA:56,0
DA:60,0
DA:61,0
DA:62,0
DA:65,0
LF:22
LH:0
BRDA:12,0,0,0
BRDA:12,0,1,0
BRDA:34,1,0,0
BRDA:34,1,1,0
BRF:4
BRH:0
end_of_record
